<?xml version="1.0" encoding="UTF-8"?>
<testsuite xmlns:xsi="http://www.w3.org/2001/XMLSchema-instance" xsi:noNamespaceSchemaLocation="https://maven.apache.org/surefire/maven-surefire-plugin/xsd/surefire-test-report-3.0.xsd" version="3.0" name="com.carpooling.controller.AuthControllerTests" time="5.644" tests="2" errors="0" skipped="0" failures="0">
  <properties>
[...]
</properties>
  <testcase name="duplicateRegistrationShouldFail" classname="com.carpooling.controller.AuthControllerTests" time="2.473">
    <system-out><![CDATA[2026-03-06T14:11:24.519+05:30  INFO 3172 --- [           main] t.c.s.AnnotationConfigContextLoaderUtils : Could not detect default configuration classes for test class [com.carpooling.controller.AuthControllerTests]: AuthControllerTests does not declare any static, non-private, non-final, nested classes annotated with @Configuration.
2026-03-06T14:11:24.582+05:30  INFO 3172 --- [           main] .b.t.c.SpringBootTestContextBootstrapper : Found @SpringBootConfiguration com.carpooling.CarpoolingApplication for test class com.carpooling.controller.AuthControllerTests

  .   ____          _            __ _ _
 /\\ / ___'_ __ _ _(_)_ __  __ _ \ \ \ \
( ( )\___ | '_ | '_| | '_ \/ _` | \ \ \ \
 \\/  ___)| |_)| | | | | || (_| |  ) ) ) )
  '  |____| .__|_| |_|_| |_\__, | / / / /
 =========|_|==============|___/=/_/_/_/
 :: Spring Boot ::                (v3.1.0)

2026-03-06T14:11:24.962+05:30  INFO 3172 --- [           main] c.c.controller.AuthControllerTests       : Starting AuthControllerTests using Java 23.0.1 with PID 3172 (started by anush in D:\Projects\carpooling)
2026-03-06T14:11:24.962+05:30  INFO 3172 --- [           main] c.c.controller.AuthControllerTests       : No active profile set, falling back to 1 default profile: "default"
2026-03-06T14:11:25.659+05:30  INFO 3172 --- [           main] .s.d.r.c.RepositoryConfigurationDelegate : Bootstrapping Spring Data JPA repositories in DEFAULT mode.
2026-03-06T14:11:25.704+05:30  INFO 3172 --- [           main] .s.d.r.c.RepositoryConfigurationDelegate : Finished Spring Data repository scanning in 44 ms. Found 3 JPA repository interfaces.
2026-03-06T14:11:26.103+05:30  INFO 3172 --- [           main] o.hibernate.jpa.internal.util.LogHelper  : HHH000204: Processing PersistenceUnitInfo [name: default]
2026-03-06T14:11:26.158+05:30  INFO 3172 --- [           main] o.h.b.i.BytecodeProviderInitiator        : HHH000021: Bytecode provider name : bytebuddy
2026-03-06T14:11:26.159+05:30  INFO 3172 --- [           main] o.s.o.j.p.SpringPersistenceUnitInfo      : No LoadTimeWeaver setup: ignoring JPA class transformer
2026-03-06T14:11:26.166+05:30  INFO 3172 --- [           main] com.zaxxer.hikari.HikariDataSource       : HikariPool-2 - Starting...
2026-03-06T14:11:26.170+05:30  INFO 3172 --- [           main] com.zaxxer.hikari.pool.HikariPool        : HikariPool-2 - Added connection conn10: url=jdbc:h2:mem:carpoolingdb user=SA
2026-03-06T14:11:26.171+05:30  INFO 3172 --- [           main] com.zaxxer.hikari.HikariDataSource       : HikariPool-2 - Start completed.
2026-03-06T14:11:26.190+05:30  INFO 3172 --- [           main] org.hibernate.orm.dialect                : HHH035001: Using dialect: org.hibernate.dialect.H2Dialect, version: 2.1.214
2026-03-06T14:11:26.256+05:30  INFO 3172 --- [           main] o.h.b.i.BytecodeProviderInitiator        : HHH000021: Bytecode provider name : bytebuddy
2026-03-06T14:11:26.411+05:30  INFO 3172 --- [           main] o.h.e.t.j.p.i.JtaPlatformInitiator       : HHH000490: Using JtaPlatform implementation: [org.hibernate.engine.transaction.jta.platform.internal.NoJtaPlatform]
2026-03-06T14:11:26.437+05:30  INFO 3172 --- [           main] j.LocalContainerEntityManagerFactoryBean : Initialized JPA EntityManagerFactory for persistence unit 'default'
2026-03-06T14:11:26.624+05:30  WARN 3172 --- [           main] JpaBaseConfiguration$JpaWebConfiguration : spring.jpa.open-in-view is enabled by default. Therefore, database queries may be performed during view rendering. Explicitly configure spring.jpa.open-in-view to disable this warning
2026-03-06T14:11:26.749+05:30  INFO 3172 --- [           main] o.s.b.a.w.s.WelcomePageHandlerMapping    : Adding welcome page: class path resource [static/index.html]
2026-03-06T14:11:26.839+05:30  INFO 3172 --- [           main] o.s.s.web.DefaultSecurityFilterChain     : Will secure Or [Mvc [pattern='/'], Mvc [pattern='/index.html'], Mvc [pattern='/login.html'], Mvc [pattern='/register.html'], Mvc [pattern='/search-rides.html'], Mvc [pattern='/post-ride.html'], Mvc [pattern='/my-bookings.html'], Mvc [pattern='/driver-dashboard.html'], Mvc [pattern='/styles.css'], Mvc [pattern='/favicon.ico']] with [org.springframework.security.web.session.DisableEncodeUrlFilter@5ab7e997, org.springframework.security.web.context.request.async.WebAsyncManagerIntegrationFilter@2552cb80, org.springframework.security.web.context.SecurityContextHolderFilter@9742012, org.springframework.security.web.header.HeaderWriterFilter@7fd7965b, org.springframework.security.web.authentication.logout.LogoutFilter@5205b3e2, org.springframework.security.web.savedrequest.RequestCacheAwareFilter@118d7e0e, org.springframework.security.web.servletapi.SecurityContextHolderAwareRequestFilter@39ff4421, org.springframework.security.web.authentication.AnonymousAuthenticationFilter@1b3b5252, org.springframework.security.web.access.ExceptionTranslationFilter@40cd02fc, org.springframework.security.web.access.intercept.AuthorizationFilter@6b9f5dcf]
2026-03-06T14:11:26.849+05:30  INFO 3172 --- [           main] o.s.s.web.DefaultSecurityFilterChain     : Will secure any request with [org.springframework.security.web.session.DisableEncodeUrlFilter@78e386a5, org.springframework.security.web.context.request.async.WebAsyncManagerIntegrationFilter@6138ee0e, org.springframework.security.web.context.SecurityContextHolderFilter@7c07deff, org.springframework.security.web.header.HeaderWriterFilter@f28ee19, org.springframework.security.web.csrf.CsrfFilter@dc28d74, org.springframework.security.web.authentication.logout.LogoutFilter@6ceeb592, com.carpooling.config.JwtAuthenticationFilter@20e4e27f, org.springframework.security.web.savedrequest.RequestCacheAwareFilter@65374526, org.springframework.security.web.servletapi.SecurityContextHolderAwareRequestFilter@664c0466, org.springframework.security.web.authentication.AnonymousAuthenticationFilter@2c40e456, org.springframework.security.web.access.ExceptionTranslationFilter@12922d53, org.springframework.security.web.access.intercept.AuthorizationFilter@35c69e6b]
2026-03-06T14:11:26.854+05:30  INFO 3172 --- [           main] o.s.s.web.DefaultSecurityFilterChain     : Will secure Or [Mvc [pattern='/h2-console/**']] with [org.springframework.security.web.session.DisableEncodeUrlFilter@2f154d9b, org.springframework.security.web.context.request.async.WebAsyncManagerIntegrationFilter@7d8c264, org.springframework.security.web.context.SecurityContextHolderFilter@51bd10f0, org.springframework.security.web.header.HeaderWriterFilter@19487d13, org.springframework.security.web.authentication.logout.LogoutFilter@5f1eff72, org.springframework.security.web.savedrequest.RequestCacheAwareFilter@47d7e8b5, org.springframework.security.web.servletapi.SecurityContextHolderAwareRequestFilter@3ce71bbb, org.springframework.security.web.authentication.AnonymousAuthenticationFilter@19993ed, org.springframework.security.web.access.ExceptionTranslationFilter@33490054, org.springframework.security.web.access.intercept.AuthorizationFilter@234adbe2]
2026-03-06T14:11:27.027+05:30  INFO 3172 --- [           main] o.s.b.a.h2.H2ConsoleAutoConfiguration    : H2 console available at '/h2-console'. Database available at 'jdbc:h2:mem:carpoolingdb'
2026-03-06T14:11:27.082+05:30  INFO 3172 --- [           main] o.s.b.t.m.w.SpringBootMockServletContext : Initializing Spring TestDispatcherServlet ''
2026-03-06T14:11:27.082+05:30  INFO 3172 --- [           main] o.s.t.web.servlet.TestDispatcherServlet  : Initializing Servlet ''
2026-03-06T14:11:27.083+05:30  INFO 3172 --- [           main] o.s.t.web.servlet.TestDispatcherServlet  : Completed initialization in 1 ms
2026-03-06T14:11:27.107+05:30  INFO 3172 --- [           main] c.c.controller.AuthControllerTests       : Started AuthControllerTests in 2.49 seconds (process running for 15.402)
user count after delete all: 0
duplicate test first registration: 200 body=Registration successful
]]></system-out>
  </testcase>
  <testcase name="registerAndLoginPassenger" classname="com.carpooling.controller.AuthControllerTests" time="0.547">
    <system-out><![CDATA[user count after delete all: 0
register response: 200 body=Registration successful
]]></system-out>
  </testcase>
</testsuite>